Determining if the pthread_create exist failed with the following output:
Change Dir: /home/yc/XUPT-WEB-PROJECT/WebService/CMakeFiles/CMakeTmp

Run Build Command:/usr/bin/gmake "cmTryCompileExec1515835735/fast"
/usr/bin/gmake -f CMakeFiles/cmTryCompileExec1515835735.dir/build.make CMakeFiles/cmTryCompileExec1515835735.dir/build
gmake[1]: Entering directory `/home/yc/XUPT-WEB-PROJECT/WebService/CMakeFiles/CMakeTmp'
/usr/bin/cmake -E cmake_progress_report /home/yc/XUPT-WEB-PROJECT/WebService/CMakeFiles/CMakeTmp/CMakeFiles 1
Building C object CMakeFiles/cmTryCompileExec1515835735.dir/CheckSymbolExists.c.o
/usr/bin/cc    -o CMakeFiles/cmTryCompileExec1515835735.dir/CheckSymbolExists.c.o   -c /home/yc/XUPT-WEB-PROJECT/WebService/CMakeFiles/CMakeTmp/CheckSymbolExists.c
Linking C executable cmTryCompileExec1515835735
/usr/bin/cmake -E cmake_link_script CMakeFiles/cmTryCompileExec1515835735.dir/link.txt --verbose=1
/usr/bin/cc       CMakeFiles/cmTryCompileExec1515835735.dir/CheckSymbolExists.c.o  -o cmTryCompileExec1515835735 -rdynamic 
CMakeFiles/cmTryCompileExec1515835735.dir/CheckSymbolExists.c.o: In function `main':
CheckSymbolExists.c:(.text+0x16): undefined reference to `pthread_create'
collect2: error: ld returned 1 exit status
gmake[1]: Leaving directory `/home/yc/XUPT-WEB-PROJECT/WebService/CMakeFiles/CMakeTmp'
gmake[1]: *** [cmTryCompileExec1515835735] Error 1
gmake: *** [cmTryCompileExec1515835735/fast] Error 2

File /home/yc/XUPT-WEB-PROJECT/WebService/CMakeFiles/CMakeTmp/CheckSymbolExists.c:
/* */
#include <pthread.h>

int main(int argc, char** argv)
{
  (void)argv;
#ifndef pthread_create
  return ((int*)(&pthread_create))[argc];
#else
  (void)argc;
  return 0;
#endif
}

Determining if the function pthread_create exists in the pthreads failed with the following output:
Change Dir: /home/yc/XUPT-WEB-PROJECT/WebService/CMakeFiles/CMakeTmp

Run Build Command:/usr/bin/gmake "cmTryCompileExec691225360/fast"
/usr/bin/gmake -f CMakeFiles/cmTryCompileExec691225360.dir/build.make CMakeFiles/cmTryCompileExec691225360.dir/build
gmake[1]: Entering directory `/home/yc/XUPT-WEB-PROJECT/WebService/CMakeFiles/CMakeTmp'
/usr/bin/cmake -E cmake_progress_report /home/yc/XUPT-WEB-PROJECT/WebService/CMakeFiles/CMakeTmp/CMakeFiles 1
Building C object CMakeFiles/cmTryCompileExec691225360.dir/CheckFunctionExists.c.o
/usr/bin/cc   -DCHECK_FUNCTION_EXISTS=pthread_create   -o CMakeFiles/cmTryCompileExec691225360.dir/CheckFunctionExists.c.o   -c /usr/share/cmake/Modules/CheckFunctionExists.c
Linking C executable cmTryCompileExec691225360
/usr/bin/cmake -E cmake_link_script CMakeFiles/cmTryCompileExec691225360.dir/link.txt --verbose=1
/usr/bin/cc   -DCHECK_FUNCTION_EXISTS=pthread_create    CMakeFiles/cmTryCompileExec691225360.dir/CheckFunctionExists.c.o  -o cmTryCompileExec691225360 -rdynamic -lpthreads 
/usr/bin/ld: cannot find -lpthreads
gmake[1]: Leaving directory `/home/yc/XUPT-WEB-PROJECT/WebService/CMakeFiles/CMakeTmp'
collect2: error: ld returned 1 exit status
gmake[1]: *** [cmTryCompileExec691225360] Error 1
gmake: *** [cmTryCompileExec691225360/fast] Error 2


